<?xml version="1.0" encoding="UTF-8"?>
<!-- Generated by org.testng.reporters.JUnitReportReporter -->
<testsuite hostname="LAPTOP-I58V1N72" failures="0" tests="3" name="com.parentbooking.testcases.Parents_Page_Test" time="11.178" errors="0" timestamp="2024-09-12T22:59:54 IST" skipped="0">
  <testcase classname="com.parentbooking.testcases.Parents_Page_Test" name="parentsPageTest" time="1.417"/>
  <system-out/>
  <testcase classname="com.parentbooking.testcases.Parents_Page_Test" name="addNewParentsTest" time="5.848"/>
  <system-out/>
  <testcase classname="com.parentbooking.testcases.Parents_Page_Test" name="parentDetailsVerification" time="3.913"/>
  <system-out/>
</testsuite> <!-- com.parentbooking.testcases.Parents_Page_Test -->
