<?xml version="1.0" encoding="UTF-8"?>
<!-- Generated by org.testng.reporters.JUnitReportReporter -->
<testsuite hostname="LAPTOP-I58V1N72" failures="0" tests="3" name="com.parentbooking.testcases.Parents_Page_Test" time="11.166" errors="0" timestamp="2024-09-08T22:40:42 IST" skipped="0">
  <testcase classname="com.parentbooking.testcases.Parents_Page_Test" name="parentsPageTest" time="2.692"/>
  <system-out/>
  <testcase classname="com.parentbooking.testcases.Parents_Page_Test" name="addNewParentsTest" time="6.703"/>
  <system-out/>
  <testcase classname="com.parentbooking.testcases.Parents_Page_Test" name="parentDetailsVerification" time="1.771"/>
  <system-out/>
</testsuite> <!-- com.parentbooking.testcases.Parents_Page_Test -->
