<?xml version="1.0" encoding="UTF-8"?>
<!-- Generated by org.testng.reporters.JUnitReportReporter -->
<testsuite hostname="LAPTOP-I58V1N72" failures="0" tests="1" name="com.parentbooking.testcases.Logout_Test" time="4.731" errors="0" timestamp="2024-09-09T22:23:57 IST" skipped="0">
  <testcase classname="com.parentbooking.testcases.Logout_Test" name="logoutTest" time="4.731"/>
  <system-out/>
</testsuite> <!-- com.parentbooking.testcases.Logout_Test -->
