<?xml version="1.0" encoding="UTF-8"?>
<!-- Generated by org.testng.reporters.JUnitReportReporter -->
<testsuite hostname="LAPTOP-I58V1N72" failures="0" tests="1" name="com.parentbooking.testcases.Login_Page_Test" time="13.497" errors="0" timestamp="2024-09-09T22:23:57 IST" skipped="0">
  <testcase classname="com.parentbooking.testcases.Login_Page_Test" name="loggingIntoTheApplication" time="13.497"/>
  <system-out/>
</testsuite> <!-- com.parentbooking.testcases.Login_Page_Test -->
