<?xml version="1.0" encoding="UTF-8"?>
<!-- Generated by org.testng.reporters.JUnitReportReporter -->
<testsuite hostname="LAPTOP-I58V1N72" failures="0" tests="3" name="com.parentbooking.testcases.Parents_Page_Test" time="50.731" errors="0" timestamp="2024-09-09T22:23:57 IST" skipped="0">
  <testcase classname="com.parentbooking.testcases.Parents_Page_Test" name="parentsPageTest" time="2.783"/>
  <system-out/>
  <testcase classname="com.parentbooking.testcases.Parents_Page_Test" name="addNewParentsTest" time="33.192"/>
  <system-out/>
  <testcase classname="com.parentbooking.testcases.Parents_Page_Test" name="parentDetailsVerification" time="14.756"/>
  <system-out/>
</testsuite> <!-- com.parentbooking.testcases.Parents_Page_Test -->
