<?xml version="1.0" encoding="UTF-8"?>
<!-- Generated by org.testng.reporters.JUnitReportReporter -->
<testsuite hostname="LAPTOP-I58V1N72" failures="0" tests="1" name="com.parentbooking.testcases.Logout_Test" time="3.533" errors="0" timestamp="2024-09-08T22:40:42 IST" skipped="0">
  <testcase classname="com.parentbooking.testcases.Logout_Test" name="logoutTest" time="3.533"/>
  <system-out/>
</testsuite> <!-- com.parentbooking.testcases.Logout_Test -->
